
Showing logs for build [32mjayaanandborra-environment-jenk-4m8q4-1[0m stage [32mfrom-build-pack[0m and container [32mstep-credential-initializer-6rml6[0m
{"level":"info","ts":1588740869.4526107,"logger":"fallback-logger","caller":"logging/config.go:69","msg":"Fetch GitHub commit ID from kodata failed: open /var/run/ko/refs/heads/0.8.0-ns-support: no such file or directory"}
{"level":"info","ts":1588740869.4541078,"logger":"fallback-logger","caller":"creds-init/main.go:40","msg":"Credentials initialized."}

Showing logs for build [32mjayaanandborra-environment-jenk-4m8q4-1[0m stage [32mfrom-build-pack[0m and container [32mstep-working-dir-initializer-xb6cp[0m
{"level":"info","ts":1588740870.4635758,"logger":"fallback-logger","caller":"logging/config.go:69","msg":"Fetch GitHub commit ID from kodata failed: open /var/run/ko/HEAD: no such file or directory"}
{"level":"info","ts":1588740870.4729242,"logger":"fallback-logger","caller":"bash/main.go:64","msg":"Successfully executed command \"sh -c mkdir -p /workspace/source\"; output "}

Showing logs for build [32mjayaanandborra-environment-jenk-4m8q4-1[0m stage [32mfrom-build-pack[0m and container [32mstep-place-tools[0m

Showing logs for build [32mjayaanandborra-environment-jenk-4m8q4-1[0m stage [32mfrom-build-pack[0m and container [32mstep-git-source-jayaanandborra-environment-jenk-4m8q4-6bl9t[0m
{"level":"info","ts":1588740874.7606745,"logger":"fallback-logger","caller":"logging/config.go:69","msg":"Fetch GitHub commit ID from kodata failed: open /var/run/ko/refs/heads/0.8.0-ns-support: no such file or directory"}
{"level":"info","ts":1588740875.1561666,"logger":"fallback-logger","caller":"git/git.go:103","msg":"Successfully cloned https://github.com/**************/environment-jenkinsx-production.git @ master in path /workspace/source"}

Showing logs for build [32mjayaanandborra-environment-jenk-4m8q4-1[0m stage [32mfrom-build-pack[0m and container [32mstep-git-merge[0m
Using SHAs from PULL_REFS=master:72518d567189f5d19898064f09576493435fe165,1:7bf3dc4a37ed87ffc556343e9b750b8a0eb9f103
DEBUG: LC_ALL=C JX_LOG_LEVEL=error git fetch origin --unshallow 7bf3dc4a37ed87ffc556343e9b750b8a0eb9f103: 72518d567189f5d19898064f09576493435fe165:
DEBUG: ran git fetch --unshallow origin 7bf3dc4a37ed87ffc556343e9b750b8a0eb9f103: 72518d567189f5d19898064f09576493435fe165: in 
DEBUG: LC_ALL=C JX_LOG_LEVEL=error git branch
DEBUG: LC_ALL=C JX_LOG_LEVEL=error git checkout master
DEBUG: ran git checkout master in 
DEBUG: LC_ALL=C JX_LOG_LEVEL=error git reset --hard 72518d567189f5d19898064f09576493435fe165
DEBUG: ran git reset --hard 72518d567189f5d19898064f09576493435fe165 in 
DEBUG: LC_ALL=C JX_LOG_LEVEL=error git clean -fd .
DEBUG: ran clean --force -d . in 
DEBUG: LC_ALL=C JX_LOG_LEVEL=error git merge 7bf3dc4a37ed87ffc556343e9b750b8a0eb9f103
DEBUG: ran git merge 7bf3dc4a37ed87ffc556343e9b750b8a0eb9f103 in 
DEBUG: JX_LOG_LEVEL=error LC_ALL=C git log --format=%H%x1f%an%x1f%ae%x1f%cn%x1f%ce%x1f%s%n%b%x1e 72518d567189f5d19898064f09576493435fe165..HEAD
Merged SHA 7bf3dc4a37ed87ffc556343e9b750b8a0eb9f103 with commit message 'chore: Promote spring-boot-http-gradle to version 0.0.1' into base branch master

Showing logs for build [32mjayaanandborra-environment-jenk-4m8q4-1[0m stage [32mfrom-build-pack[0m and container [32mstep-build-helm-build[0m
WARNING: No $CHART_REPOSITORY defined so using the default value of: http://jenkins-x-chartmuseum:8080
Adding missing Helm repo: storage.googleapis.com https://storage.googleapis.com/chartmuseum.jenkins-x.io
Successfully added Helm repository storage.googleapis.com.
Adding missing Helm repo: jenkins-x-chartmuseum http://jenkins-x-chartmuseum:8080
Successfully added Helm repository jenkins-x-chartmuseum.
WARNING: No $CHART_REPOSITORY defined so using the default value of: http://jenkins-x-chartmuseum:8080
Adding missing Helm repo: chartmuseum.jenkins-x.io http://chartmuseum.jenkins-x.io
Successfully added Helm repository chartmuseum.jenkins-x.io.
